2024-05-27 18:40:33,969 - ERROR - Club logo not found - N/A, error: 'N/A '
2026-01-05 22:16:49,352 - ERROR - Error
Traceback (most recent call last):
  File "/home/hh/github/event-service-gui/event_service_gui/views/contestants.py", line 129, in post
    event_id = str(form["event_id"])
                   ~~~~^^^^^^^^^^^^
KeyError: 'event_id'
2026-01-07 18:03:56,751 - ERROR - Error.. Redirect to login page.
Traceback (most recent call last):
  File "/home/hh/github/event-service-gui/.venv/lib/python3.13/site-packages/aiohttp/connector.py", line 1298, in _wrap_create_connection
    sock = await aiohappyeyeballs.start_connection(
           ^^^^^^^^^^^^^^^^^^^^^^^^^^^^^^^^^^^^^^^^
    ...<6 lines>...
    )
    ^
  File "/home/hh/github/event-service-gui/.venv/lib/python3.13/site-packages/aiohappyeyeballs/impl.py", line 73, in start_connection
    sock = await _connect_sock(
           ^^^^^^^^^^^^^^^^^^^^
    ...<6 lines>...
    )
    ^
  File "/home/hh/github/event-service-gui/.venv/lib/python3.13/site-packages/aiohappyeyeballs/impl.py", line 208, in _connect_sock
    await loop.sock_connect(sock, address)
  File "/usr/lib/python3.13/asyncio/selector_events.py", line 641, in sock_connect
    return await fut
           ^^^^^^^^^
asyncio.exceptions.CancelledError

The above exception was the direct cause of the following exception:

Traceback (most recent call last):
  File "/home/hh/github/event-service-gui/.venv/lib/python3.13/site-packages/aiohttp/client.py", line 734, in _connect_and_send_request
    conn = await self._connector.connect(
           ^^^^^^^^^^^^^^^^^^^^^^^^^^^^^^
        req, traces=traces, timeout=real_timeout
        ^^^^^^^^^^^^^^^^^^^^^^^^^^^^^^^^^^^^^^^^
    )
    ^
  File "/home/hh/github/event-service-gui/.venv/lib/python3.13/site-packages/aiohttp/connector.py", line 672, in connect
    proto = await self._create_connection(req, traces, timeout)
            ^^^^^^^^^^^^^^^^^^^^^^^^^^^^^^^^^^^^^^^^^^^^^^^^^^^
  File "/home/hh/github/event-service-gui/.venv/lib/python3.13/site-packages/aiohttp/connector.py", line 1239, in _create_connection
    _, proto = await self._create_direct_connection(req, traces, timeout)
               ^^^^^^^^^^^^^^^^^^^^^^^^^^^^^^^^^^^^^^^^^^^^^^^^^^^^^^^^^^
  File "/home/hh/github/event-service-gui/.venv/lib/python3.13/site-packages/aiohttp/connector.py", line 1611, in _create_direct_connection
    raise last_exc
  File "/home/hh/github/event-service-gui/.venv/lib/python3.13/site-packages/aiohttp/connector.py", line 1580, in _create_direct_connection
    transp, proto = await self._wrap_create_connection(
                    ^^^^^^^^^^^^^^^^^^^^^^^^^^^^^^^^^^^
    ...<7 lines>...
    )
    ^
  File "/home/hh/github/event-service-gui/.venv/lib/python3.13/site-packages/aiohttp/connector.py", line 1295, in _wrap_create_connection
    async with ceil_timeout(
               ~~~~~~~~~~~~^
        timeout.sock_connect, ceil_threshold=timeout.ceil_threshold
        ^^^^^^^^^^^^^^^^^^^^^^^^^^^^^^^^^^^^^^^^^^^^^^^^^^^^^^^^^^^
    ):
    ^
  File "/usr/lib/python3.13/asyncio/timeouts.py", line 116, in __aexit__
    raise TimeoutError from exc_val
TimeoutError

The above exception was the direct cause of the following exception:

Traceback (most recent call last):
  File "/home/hh/github/event-service-gui/event_service_gui/views/main.py", line 39, in get
    events = await EventsAdapter().get_all_events(user["token"])
             ^^^^^^^^^^^^^^^^^^^^^^^^^^^^^^^^^^^^^^^^^^^^^^^^^^^
  File "/home/hh/github/event-service-gui/event_service_gui/services/events_adapter.py", line 62, in get_all_events
    async with ClientSession() as session, session.get(
                                           ~~~~~~~~~~~^
        f"{EVENT_SERVICE_URL}/events", headers=headers
        ^^^^^^^^^^^^^^^^^^^^^^^^^^^^^^^^^^^^^^^^^^^^^^
    ) as resp:
    ^
  File "/home/hh/github/event-service-gui/.venv/lib/python3.13/site-packages/aiohttp/client.py", line 1510, in __aenter__
    self._resp: _RetType = await self._coro
                           ^^^^^^^^^^^^^^^^
  File "/home/hh/github/event-service-gui/.venv/lib/python3.13/site-packages/aiohttp/client.py", line 779, in _request
    resp = await handler(req)
           ^^^^^^^^^^^^^^^^^^
  File "/home/hh/github/event-service-gui/.venv/lib/python3.13/site-packages/aiohttp/client.py", line 738, in _connect_and_send_request
    raise ConnectionTimeoutError(
        f"Connection timeout to host {req.url}"
    ) from exc
aiohttp.client_exceptions.ConnectionTimeoutError: Connection timeout to host http://35.228.201.188:8082/events
2026-01-07 22:11:44,915 - ERROR - Error handling request from 127.0.0.1
[38;5;26mTraceback (most recent call last):[39m
[38;5;252m  File [39m[38;5;5m"/home/hh/github/event-service-gui/.venv/lib/python3.13/site-packages/aiohttp/web_protocol.py"[39m[38;5;252m, line [39m[38;5;5m510[39m[38;5;252m, in [39m[38;5;252m_handle_request[39m
[38;5;252m    [39m[38;5;252mresp[39m[38;5;252m [39m[38;5;68m=[39m[38;5;252m [39m[38;5;3mawait[39m[38;5;252m [39m[38;5;252mrequest_handler[39m[38;5;252m([39m[38;5;252mrequest[39m[38;5;252m)[39m
[38;5;252m           [39m[38;5;252m^^^^^^^^^^^^^^^^^^^^^^^^^^^^^^[39m
[38;5;252m  File [39m[38;5;5m"/home/hh/github/event-service-gui/.venv/lib/python3.13/site-packages/aiohttp/web_app.py"[39m[38;5;252m, line [39m[38;5;5m569[39m[38;5;252m, in [39m[38;5;252m_handle[39m
[38;5;252m    [39m[38;5;3mreturn[39m[38;5;252m [39m[38;5;3mawait[39m[38;5;252m [39m[38;5;252mhandler[39m[38;5;252m([39m[38;5;252mrequest[39m[38;5;252m)[39m
[38;5;252m           [39m[38;5;252m^^^^^^^^^^^^^^^^^^^^^^[39m
[38;5;252m  File [39m[38;5;5m"/home/hh/github/event-service-gui/.venv/lib/python3.13/site-packages/aiohttp/web_middlewares.py"[39m[38;5;252m, line [39m[38;5;5m117[39m[38;5;252m, in [39m[38;5;252mimpl[39m
[38;5;252m    [39m[38;5;3mreturn[39m[38;5;252m [39m[38;5;3mawait[39m[38;5;252m [39m[38;5;252mhandler[39m[38;5;252m([39m[38;5;252mrequest[39m[38;5;252m)[39m
[38;5;252m           [39m[38;5;252m^^^^^^^^^^^^^^^^^^^^^^[39m
[38;5;252m  File [39m[38;5;5m"/home/hh/github/event-service-gui/.venv/lib/python3.13/site-packages/aiohttp_session/__init__.py"[39m[38;5;252m, line [39m[38;5;5m191[39m[38;5;252m, in [39m[38;5;252mfactory[39m
[38;5;252m    [39m[38;5;252mresponse[39m[38;5;252m [39m[38;5;68m=[39m[38;5;252m [39m[38;5;3mawait[39m[38;5;252m [39m[38;5;252mhandler[39m[38;5;252m([39m[38;5;252mrequest[39m[38;5;252m)[39m
[38;5;252m               [39m[38;5;252m^^^^^^^^^^^^^^^^^^^^^^[39m
[38;5;252m  File [39m[38;5;5m"/home/hh/github/event-service-gui/.venv/lib/python3.13/site-packages/aiohttp_devtools/runserver/serve.py"[39m[38;5;252m, line [39m[38;5;5m96[39m[38;5;252m, in [39m[38;5;252mno_cache_middleware[39m
[38;5;252m    [39m[38;5;252mresponse[39m[38;5;252m [39m[38;5;68m=[39m[38;5;252m [39m[38;5;3mawait[39m[38;5;252m [39m[38;5;252mhandler[39m[38;5;252m([39m[38;5;252mrequest[39m[38;5;252m)[39m
[38;5;252m               [39m[38;5;252m^^^^^^^^^^^^^^^^^^^^^^[39m
[38;5;252m  File [39m[38;5;5m"/home/hh/github/event-service-gui/.venv/lib/python3.13/site-packages/aiohttp/web_urldispatcher.py"[39m[38;5;252m, line [39m[38;5;5m979[39m[38;5;252m, in [39m[38;5;252m_iter[39m
[38;5;252m    [39m[38;5;252mret[39m[38;5;252m [39m[38;5;68m=[39m[38;5;252m [39m[38;5;3mawait[39m[38;5;252m [39m[38;5;252mmethod[39m[38;5;252m([39m[38;5;252m)[39m
[38;5;252m          [39m[38;5;252m^^^^^^^^^^^^^^[39m
[38;5;252m  File [39m[38;5;5m"/home/hh/github/event-service-gui/event_service_gui/views/csv_list.py"[39m[38;5;252m, line [39m[38;5;5m57[39m[38;5;252m, in [39m[38;5;252mget[39m
[38;5;252m    [39m[38;5;252mresults[39m[38;5;252m [39m[38;5;68m=[39m[38;5;252m [39m[38;5;3mawait[39m[38;5;252m [39m[38;5;252mRaceclassResultsAdapter[39m[38;5;252m([39m[38;5;252m)[39m[38;5;68m.[39m[38;5;252mget_all_raceclass_results[39m[38;5;252m([39m[38;5;252mevent_id[39m[38;5;252m)[39m
[38;5;252m    [39m[38;5;252m^^^^^^^^^^^^[39m
[38;5;252m  File [39m[38;5;5m"/usr/lib/python3.13/bdb.py"[39m[38;5;252m, line [39m[38;5;5m116[39m[38;5;252m, in [39m[38;5;252mtrace_dispatch[39m
[38;5;252m    [39m[38;5;3mreturn[39m[38;5;252m [39m[38;5;5mself[39m[38;5;68m.[39m[38;5;252mdispatch_opcode[39m[38;5;252m([39m[38;5;252mframe[39m[38;5;252m,[39m[38;5;252m [39m[38;5;252marg[39m[38;5;252m)[39m
[38;5;252m           [39m[38;5;252m~~~~~~~~~~~~~~~~~~~~^^^^^^^^^^^^[39m
[38;5;252m  File [39m[38;5;5m"/usr/lib/python3.13/bdb.py"[39m[38;5;252m, line [39m[38;5;5m216[39m[38;5;252m, in [39m[38;5;252mdispatch_opcode[39m
[38;5;252m    [39m[38;5;3mif[39m[38;5;252m [39m[38;5;5mself[39m[38;5;68m.[39m[38;5;252mquitting[39m[38;5;252m:[39m[38;5;252m [39m[38;5;3mraise[39m[38;5;252m [39m[38;5;252mBdbQuit[39m
[38;5;252m                      [39m[38;5;252m^^^^^^^^^^^^^[39m
[38;5;9mbdb.BdbQuit[39m
2026-01-07 22:12:33,148 - ERROR - Error
Traceback (most recent call last):
  File "/home/hh/github/event-service-gui/event_service_gui/views/contestants.py", line 129, in post
    event_id = str(form["event_id"])
                   ~~~~^^^^^^^^^^^^
KeyError: 'event_id'
2026-01-07 22:13:14,910 - ERROR - Error
Traceback (most recent call last):
  File "/home/hh/github/event-service-gui/event_service_gui/views/contestants.py", line 129, in post
    event_id = str(form["event_id"])
                   ~~~~^^^^^^^^^^^^
KeyError: 'event_id'
2026-01-07 22:13:37,533 - ERROR - Error
Traceback (most recent call last):
  File "/home/hh/github/event-service-gui/event_service_gui/views/contestants.py", line 129, in post
    event_id = str(form["event_id"])
                   ~~~~^^^^^^^^^^^^
KeyError: 'event_id'
2026-01-07 22:14:24,676 - ERROR - delete_contestant failed on update no of contestants in raceclass - G 12 Ã¥r
Traceback (most recent call last):
  File "/home/hh/github/event-service-gui/event_service_gui/services/contestants_adapter.py", line 191, in delete_contestant
    klasse = await RaceclassesAdapter().get_raceclass_by_ageclass(
             ^^^^^^^^^^^^^^^^^^^^^^^^^^^^^^^^^^^^^^^^^^^^^^^^^^^^^
        token, event_id, contestant["ageclass"]
        ^^^^^^^^^^^^^^^^^^^^^^^^^^^^^^^^^^^^^^^
    )
    ^
  File "/home/hh/github/event-service-gui/event_service_gui/services/raceclasses_adapter.py", line 165, in get_raceclass_by_ageclass
    return raceclass[0]
           ~~~~~~~~~^^^
IndexError: list index out of range
2026-01-07 22:14:24,959 - ERROR - delete_contestant failed on update no of contestants in raceclass - G 12 Ã¥r
Traceback (most recent call last):
  File "/home/hh/github/event-service-gui/event_service_gui/services/contestants_adapter.py", line 191, in delete_contestant
    klasse = await RaceclassesAdapter().get_raceclass_by_ageclass(
             ^^^^^^^^^^^^^^^^^^^^^^^^^^^^^^^^^^^^^^^^^^^^^^^^^^^^^
        token, event_id, contestant["ageclass"]
        ^^^^^^^^^^^^^^^^^^^^^^^^^^^^^^^^^^^^^^^
    )
    ^
  File "/home/hh/github/event-service-gui/event_service_gui/services/raceclasses_adapter.py", line 165, in get_raceclass_by_ageclass
    return raceclass[0]
           ~~~~~~~~~^^^
IndexError: list index out of range
2026-01-07 22:14:48,080 - ERROR - delete_contestant failed on update no of contestants in raceclass - G 12 Ã¥r
Traceback (most recent call last):
  File "/home/hh/github/event-service-gui/event_service_gui/services/contestants_adapter.py", line 191, in delete_contestant
    klasse = await RaceclassesAdapter().get_raceclass_by_ageclass(
             ^^^^^^^^^^^^^^^^^^^^^^^^^^^^^^^^^^^^^^^^^^^^^^^^^^^^^
        token, event_id, contestant["ageclass"]
        ^^^^^^^^^^^^^^^^^^^^^^^^^^^^^^^^^^^^^^^
    )
    ^
  File "/home/hh/github/event-service-gui/event_service_gui/services/raceclasses_adapter.py", line 165, in get_raceclass_by_ageclass
    return raceclass[0]
           ~~~~~~~~~^^^
IndexError: list index out of range
2026-01-07 22:14:48,381 - ERROR - delete_contestant failed on update no of contestants in raceclass - G 12 Ã¥r
Traceback (most recent call last):
  File "/home/hh/github/event-service-gui/event_service_gui/services/contestants_adapter.py", line 191, in delete_contestant
    klasse = await RaceclassesAdapter().get_raceclass_by_ageclass(
             ^^^^^^^^^^^^^^^^^^^^^^^^^^^^^^^^^^^^^^^^^^^^^^^^^^^^^
        token, event_id, contestant["ageclass"]
        ^^^^^^^^^^^^^^^^^^^^^^^^^^^^^^^^^^^^^^^
    )
    ^
  File "/home/hh/github/event-service-gui/event_service_gui/services/raceclasses_adapter.py", line 165, in get_raceclass_by_ageclass
    return raceclass[0]
           ~~~~~~~~~^^^
IndexError: list index out of range
2026-01-07 22:14:48,679 - ERROR - delete_contestant failed on update no of contestants in raceclass - G 12 Ã¥r
Traceback (most recent call last):
  File "/home/hh/github/event-service-gui/event_service_gui/services/contestants_adapter.py", line 191, in delete_contestant
    klasse = await RaceclassesAdapter().get_raceclass_by_ageclass(
             ^^^^^^^^^^^^^^^^^^^^^^^^^^^^^^^^^^^^^^^^^^^^^^^^^^^^^
        token, event_id, contestant["ageclass"]
        ^^^^^^^^^^^^^^^^^^^^^^^^^^^^^^^^^^^^^^^
    )
    ^
  File "/home/hh/github/event-service-gui/event_service_gui/services/raceclasses_adapter.py", line 165, in get_raceclass_by_ageclass
    return raceclass[0]
           ~~~~~~~~~^^^
IndexError: list index out of range
2026-01-07 22:14:48,981 - ERROR - delete_contestant failed on update no of contestants in raceclass - G 12 Ã¥r
Traceback (most recent call last):
  File "/home/hh/github/event-service-gui/event_service_gui/services/contestants_adapter.py", line 191, in delete_contestant
    klasse = await RaceclassesAdapter().get_raceclass_by_ageclass(
             ^^^^^^^^^^^^^^^^^^^^^^^^^^^^^^^^^^^^^^^^^^^^^^^^^^^^^
        token, event_id, contestant["ageclass"]
        ^^^^^^^^^^^^^^^^^^^^^^^^^^^^^^^^^^^^^^^
    )
    ^
  File "/home/hh/github/event-service-gui/event_service_gui/services/raceclasses_adapter.py", line 165, in get_raceclass_by_ageclass
    return raceclass[0]
           ~~~~~~~~~^^^
IndexError: list index out of range
2026-01-07 22:14:49,306 - ERROR - delete_contestant failed on update no of contestants in raceclass - G 12 Ã¥r
Traceback (most recent call last):
  File "/home/hh/github/event-service-gui/event_service_gui/services/contestants_adapter.py", line 191, in delete_contestant
    klasse = await RaceclassesAdapter().get_raceclass_by_ageclass(
             ^^^^^^^^^^^^^^^^^^^^^^^^^^^^^^^^^^^^^^^^^^^^^^^^^^^^^
        token, event_id, contestant["ageclass"]
        ^^^^^^^^^^^^^^^^^^^^^^^^^^^^^^^^^^^^^^^
    )
    ^
  File "/home/hh/github/event-service-gui/event_service_gui/services/raceclasses_adapter.py", line 165, in get_raceclass_by_ageclass
    return raceclass[0]
           ~~~~~~~~~^^^
IndexError: list index out of range
2026-01-07 22:14:49,611 - ERROR - delete_contestant failed on update no of contestants in raceclass - G 12 Ã¥r
Traceback (most recent call last):
  File "/home/hh/github/event-service-gui/event_service_gui/services/contestants_adapter.py", line 191, in delete_contestant
    klasse = await RaceclassesAdapter().get_raceclass_by_ageclass(
             ^^^^^^^^^^^^^^^^^^^^^^^^^^^^^^^^^^^^^^^^^^^^^^^^^^^^^
        token, event_id, contestant["ageclass"]
        ^^^^^^^^^^^^^^^^^^^^^^^^^^^^^^^^^^^^^^^
    )
    ^
  File "/home/hh/github/event-service-gui/event_service_gui/services/raceclasses_adapter.py", line 165, in get_raceclass_by_ageclass
    return raceclass[0]
           ~~~~~~~~~^^^
IndexError: list index out of range
2026-01-07 22:14:49,898 - ERROR - delete_contestant failed on update no of contestants in raceclass - G 12 Ã¥r
Traceback (most recent call last):
  File "/home/hh/github/event-service-gui/event_service_gui/services/contestants_adapter.py", line 191, in delete_contestant
    klasse = await RaceclassesAdapter().get_raceclass_by_ageclass(
             ^^^^^^^^^^^^^^^^^^^^^^^^^^^^^^^^^^^^^^^^^^^^^^^^^^^^^
        token, event_id, contestant["ageclass"]
        ^^^^^^^^^^^^^^^^^^^^^^^^^^^^^^^^^^^^^^^
    )
    ^
  File "/home/hh/github/event-service-gui/event_service_gui/services/raceclasses_adapter.py", line 165, in get_raceclass_by_ageclass
    return raceclass[0]
           ~~~~~~~~~^^^
IndexError: list index out of range
2026-01-07 22:14:50,189 - ERROR - delete_contestant failed on update no of contestants in raceclass - G 12 Ã¥r
Traceback (most recent call last):
  File "/home/hh/github/event-service-gui/event_service_gui/services/contestants_adapter.py", line 191, in delete_contestant
    klasse = await RaceclassesAdapter().get_raceclass_by_ageclass(
             ^^^^^^^^^^^^^^^^^^^^^^^^^^^^^^^^^^^^^^^^^^^^^^^^^^^^^
        token, event_id, contestant["ageclass"]
        ^^^^^^^^^^^^^^^^^^^^^^^^^^^^^^^^^^^^^^^
    )
    ^
  File "/home/hh/github/event-service-gui/event_service_gui/services/raceclasses_adapter.py", line 165, in get_raceclass_by_ageclass
    return raceclass[0]
           ~~~~~~~~~^^^
IndexError: list index out of range
2026-01-07 22:14:50,477 - ERROR - delete_contestant failed on update no of contestants in raceclass - G 12 Ã¥r
Traceback (most recent call last):
  File "/home/hh/github/event-service-gui/event_service_gui/services/contestants_adapter.py", line 191, in delete_contestant
    klasse = await RaceclassesAdapter().get_raceclass_by_ageclass(
             ^^^^^^^^^^^^^^^^^^^^^^^^^^^^^^^^^^^^^^^^^^^^^^^^^^^^^
        token, event_id, contestant["ageclass"]
        ^^^^^^^^^^^^^^^^^^^^^^^^^^^^^^^^^^^^^^^
    )
    ^
  File "/home/hh/github/event-service-gui/event_service_gui/services/raceclasses_adapter.py", line 165, in get_raceclass_by_ageclass
    return raceclass[0]
           ~~~~~~~~~^^^
IndexError: list index out of range
2026-01-07 22:14:50,756 - ERROR - delete_contestant failed on update no of contestants in raceclass - G 12 Ã¥r
Traceback (most recent call last):
  File "/home/hh/github/event-service-gui/event_service_gui/services/contestants_adapter.py", line 191, in delete_contestant
    klasse = await RaceclassesAdapter().get_raceclass_by_ageclass(
             ^^^^^^^^^^^^^^^^^^^^^^^^^^^^^^^^^^^^^^^^^^^^^^^^^^^^^
        token, event_id, contestant["ageclass"]
        ^^^^^^^^^^^^^^^^^^^^^^^^^^^^^^^^^^^^^^^
    )
    ^
  File "/home/hh/github/event-service-gui/event_service_gui/services/raceclasses_adapter.py", line 165, in get_raceclass_by_ageclass
    return raceclass[0]
           ~~~~~~~~~^^^
IndexError: list index out of range
2026-01-07 22:14:51,074 - ERROR - delete_contestant failed on update no of contestants in raceclass - G 12 Ã¥r
Traceback (most recent call last):
  File "/home/hh/github/event-service-gui/event_service_gui/services/contestants_adapter.py", line 191, in delete_contestant
    klasse = await RaceclassesAdapter().get_raceclass_by_ageclass(
             ^^^^^^^^^^^^^^^^^^^^^^^^^^^^^^^^^^^^^^^^^^^^^^^^^^^^^
        token, event_id, contestant["ageclass"]
        ^^^^^^^^^^^^^^^^^^^^^^^^^^^^^^^^^^^^^^^
    )
    ^
  File "/home/hh/github/event-service-gui/event_service_gui/services/raceclasses_adapter.py", line 165, in get_raceclass_by_ageclass
    return raceclass[0]
           ~~~~~~~~~^^^
IndexError: list index out of range
2026-01-07 22:14:51,390 - ERROR - delete_contestant failed on update no of contestants in raceclass - J 12 Ã¥r
Traceback (most recent call last):
  File "/home/hh/github/event-service-gui/event_service_gui/services/contestants_adapter.py", line 191, in delete_contestant
    klasse = await RaceclassesAdapter().get_raceclass_by_ageclass(
             ^^^^^^^^^^^^^^^^^^^^^^^^^^^^^^^^^^^^^^^^^^^^^^^^^^^^^
        token, event_id, contestant["ageclass"]
        ^^^^^^^^^^^^^^^^^^^^^^^^^^^^^^^^^^^^^^^
    )
    ^
  File "/home/hh/github/event-service-gui/event_service_gui/services/raceclasses_adapter.py", line 165, in get_raceclass_by_ageclass
    return raceclass[0]
           ~~~~~~~~~^^^
IndexError: list index out of range
2026-01-07 22:14:51,677 - ERROR - delete_contestant failed on update no of contestants in raceclass - J 12 Ã¥r
Traceback (most recent call last):
  File "/home/hh/github/event-service-gui/event_service_gui/services/contestants_adapter.py", line 191, in delete_contestant
    klasse = await RaceclassesAdapter().get_raceclass_by_ageclass(
             ^^^^^^^^^^^^^^^^^^^^^^^^^^^^^^^^^^^^^^^^^^^^^^^^^^^^^
        token, event_id, contestant["ageclass"]
        ^^^^^^^^^^^^^^^^^^^^^^^^^^^^^^^^^^^^^^^
    )
    ^
  File "/home/hh/github/event-service-gui/event_service_gui/services/raceclasses_adapter.py", line 165, in get_raceclass_by_ageclass
    return raceclass[0]
           ~~~~~~~~~^^^
IndexError: list index out of range
2026-01-07 22:14:51,972 - ERROR - delete_contestant failed on update no of contestants in raceclass - J 12 Ã¥r
Traceback (most recent call last):
  File "/home/hh/github/event-service-gui/event_service_gui/services/contestants_adapter.py", line 191, in delete_contestant
    klasse = await RaceclassesAdapter().get_raceclass_by_ageclass(
             ^^^^^^^^^^^^^^^^^^^^^^^^^^^^^^^^^^^^^^^^^^^^^^^^^^^^^
        token, event_id, contestant["ageclass"]
        ^^^^^^^^^^^^^^^^^^^^^^^^^^^^^^^^^^^^^^^
    )
    ^
  File "/home/hh/github/event-service-gui/event_service_gui/services/raceclasses_adapter.py", line 165, in get_raceclass_by_ageclass
    return raceclass[0]
           ~~~~~~~~~^^^
IndexError: list index out of range
2026-01-07 22:14:52,259 - ERROR - delete_contestant failed on update no of contestants in raceclass - J 12 Ã¥r
Traceback (most recent call last):
  File "/home/hh/github/event-service-gui/event_service_gui/services/contestants_adapter.py", line 191, in delete_contestant
    klasse = await RaceclassesAdapter().get_raceclass_by_ageclass(
             ^^^^^^^^^^^^^^^^^^^^^^^^^^^^^^^^^^^^^^^^^^^^^^^^^^^^^
        token, event_id, contestant["ageclass"]
        ^^^^^^^^^^^^^^^^^^^^^^^^^^^^^^^^^^^^^^^
    )
    ^
  File "/home/hh/github/event-service-gui/event_service_gui/services/raceclasses_adapter.py", line 165, in get_raceclass_by_ageclass
    return raceclass[0]
           ~~~~~~~~~^^^
IndexError: list index out of range
2026-01-07 22:14:52,554 - ERROR - delete_contestant failed on update no of contestants in raceclass - J 12 Ã¥r
Traceback (most recent call last):
  File "/home/hh/github/event-service-gui/event_service_gui/services/contestants_adapter.py", line 191, in delete_contestant
    klasse = await RaceclassesAdapter().get_raceclass_by_ageclass(
             ^^^^^^^^^^^^^^^^^^^^^^^^^^^^^^^^^^^^^^^^^^^^^^^^^^^^^
        token, event_id, contestant["ageclass"]
        ^^^^^^^^^^^^^^^^^^^^^^^^^^^^^^^^^^^^^^^
    )
    ^
  File "/home/hh/github/event-service-gui/event_service_gui/services/raceclasses_adapter.py", line 165, in get_raceclass_by_ageclass
    return raceclass[0]
           ~~~~~~~~~^^^
IndexError: list index out of range
2026-01-07 22:14:52,855 - ERROR - delete_contestant failed on update no of contestants in raceclass - J 12 Ã¥r
Traceback (most recent call last):
  File "/home/hh/github/event-service-gui/event_service_gui/services/contestants_adapter.py", line 191, in delete_contestant
    klasse = await RaceclassesAdapter().get_raceclass_by_ageclass(
             ^^^^^^^^^^^^^^^^^^^^^^^^^^^^^^^^^^^^^^^^^^^^^^^^^^^^^
        token, event_id, contestant["ageclass"]
        ^^^^^^^^^^^^^^^^^^^^^^^^^^^^^^^^^^^^^^^
    )
    ^
  File "/home/hh/github/event-service-gui/event_service_gui/services/raceclasses_adapter.py", line 165, in get_raceclass_by_ageclass
    return raceclass[0]
           ~~~~~~~~~^^^
IndexError: list index out of range
2026-01-07 22:15:04,942 - ERROR - delete_contestant failed on update no of contestants in raceclass - G 12 Ã¥r
Traceback (most recent call last):
  File "/home/hh/github/event-service-gui/event_service_gui/services/contestants_adapter.py", line 191, in delete_contestant
    klasse = await RaceclassesAdapter().get_raceclass_by_ageclass(
             ^^^^^^^^^^^^^^^^^^^^^^^^^^^^^^^^^^^^^^^^^^^^^^^^^^^^^
        token, event_id, contestant["ageclass"]
        ^^^^^^^^^^^^^^^^^^^^^^^^^^^^^^^^^^^^^^^
    )
    ^
  File "/home/hh/github/event-service-gui/event_service_gui/services/raceclasses_adapter.py", line 165, in get_raceclass_by_ageclass
    return raceclass[0]
           ~~~~~~~~~^^^
IndexError: list index out of range
2026-01-07 22:15:05,234 - ERROR - delete_contestant failed on update no of contestants in raceclass - G 12 Ã¥r
Traceback (most recent call last):
  File "/home/hh/github/event-service-gui/event_service_gui/services/contestants_adapter.py", line 191, in delete_contestant
    klasse = await RaceclassesAdapter().get_raceclass_by_ageclass(
             ^^^^^^^^^^^^^^^^^^^^^^^^^^^^^^^^^^^^^^^^^^^^^^^^^^^^^
        token, event_id, contestant["ageclass"]
        ^^^^^^^^^^^^^^^^^^^^^^^^^^^^^^^^^^^^^^^
    )
    ^
  File "/home/hh/github/event-service-gui/event_service_gui/services/raceclasses_adapter.py", line 165, in get_raceclass_by_ageclass
    return raceclass[0]
           ~~~~~~~~~^^^
IndexError: list index out of range
2026-01-07 22:15:05,529 - ERROR - delete_contestant failed on update no of contestants in raceclass - J 12 Ã¥r
Traceback (most recent call last):
  File "/home/hh/github/event-service-gui/event_service_gui/services/contestants_adapter.py", line 191, in delete_contestant
    klasse = await RaceclassesAdapter().get_raceclass_by_ageclass(
             ^^^^^^^^^^^^^^^^^^^^^^^^^^^^^^^^^^^^^^^^^^^^^^^^^^^^^
        token, event_id, contestant["ageclass"]
        ^^^^^^^^^^^^^^^^^^^^^^^^^^^^^^^^^^^^^^^
    )
    ^
  File "/home/hh/github/event-service-gui/event_service_gui/services/raceclasses_adapter.py", line 165, in get_raceclass_by_ageclass
    return raceclass[0]
           ~~~~~~~~~^^^
IndexError: list index out of range
2026-01-07 22:15:05,847 - ERROR - delete_contestant failed on update no of contestants in raceclass - J 12 Ã¥r
Traceback (most recent call last):
  File "/home/hh/github/event-service-gui/event_service_gui/services/contestants_adapter.py", line 191, in delete_contestant
    klasse = await RaceclassesAdapter().get_raceclass_by_ageclass(
             ^^^^^^^^^^^^^^^^^^^^^^^^^^^^^^^^^^^^^^^^^^^^^^^^^^^^^
        token, event_id, contestant["ageclass"]
        ^^^^^^^^^^^^^^^^^^^^^^^^^^^^^^^^^^^^^^^
    )
    ^
  File "/home/hh/github/event-service-gui/event_service_gui/services/raceclasses_adapter.py", line 165, in get_raceclass_by_ageclass
    return raceclass[0]
           ~~~~~~~~~^^^
IndexError: list index out of range
2026-01-07 22:18:40,637 - ERROR - Error handling request from 127.0.0.1
[38;5;26mTraceback (most recent call last):[39m
[38;5;252m  File [39m[38;5;5m"/home/hh/github/event-service-gui/.venv/lib/python3.13/site-packages/aiohttp/web_protocol.py"[39m[38;5;252m, line [39m[38;5;5m510[39m[38;5;252m, in [39m[38;5;252m_handle_request[39m
[38;5;252m    [39m[38;5;252mresp[39m[38;5;252m [39m[38;5;68m=[39m[38;5;252m [39m[38;5;3mawait[39m[38;5;252m [39m[38;5;252mrequest_handler[39m[38;5;252m([39m[38;5;252mrequest[39m[38;5;252m)[39m
[38;5;252m           [39m[38;5;252m^^^^^^^^^^^^^^^^^^^^^^^^^^^^^^[39m
[38;5;252m  File [39m[38;5;5m"/home/hh/github/event-service-gui/.venv/lib/python3.13/site-packages/aiohttp/web_app.py"[39m[38;5;252m, line [39m[38;5;5m569[39m[38;5;252m, in [39m[38;5;252m_handle[39m
[38;5;252m    [39m[38;5;3mreturn[39m[38;5;252m [39m[38;5;3mawait[39m[38;5;252m [39m[38;5;252mhandler[39m[38;5;252m([39m[38;5;252mrequest[39m[38;5;252m)[39m
[38;5;252m           [39m[38;5;252m^^^^^^^^^^^^^^^^^^^^^^[39m
[38;5;252m  File [39m[38;5;5m"/home/hh/github/event-service-gui/.venv/lib/python3.13/site-packages/aiohttp/web_middlewares.py"[39m[38;5;252m, line [39m[38;5;5m117[39m[38;5;252m, in [39m[38;5;252mimpl[39m
[38;5;252m    [39m[38;5;3mreturn[39m[38;5;252m [39m[38;5;3mawait[39m[38;5;252m [39m[38;5;252mhandler[39m[38;5;252m([39m[38;5;252mrequest[39m[38;5;252m)[39m
[38;5;252m           [39m[38;5;252m^^^^^^^^^^^^^^^^^^^^^^[39m
[38;5;252m  File [39m[38;5;5m"/home/hh/github/event-service-gui/.venv/lib/python3.13/site-packages/aiohttp_session/__init__.py"[39m[38;5;252m, line [39m[38;5;5m191[39m[38;5;252m, in [39m[38;5;252mfactory[39m
[38;5;252m    [39m[38;5;252mresponse[39m[38;5;252m [39m[38;5;68m=[39m[38;5;252m [39m[38;5;3mawait[39m[38;5;252m [39m[38;5;252mhandler[39m[38;5;252m([39m[38;5;252mrequest[39m[38;5;252m)[39m
[38;5;252m               [39m[38;5;252m^^^^^^^^^^^^^^^^^^^^^^[39m
[38;5;252m  File [39m[38;5;5m"/home/hh/github/event-service-gui/.venv/lib/python3.13/site-packages/aiohttp_devtools/runserver/serve.py"[39m[38;5;252m, line [39m[38;5;5m96[39m[38;5;252m, in [39m[38;5;252mno_cache_middleware[39m
[38;5;252m    [39m[38;5;252mresponse[39m[38;5;252m [39m[38;5;68m=[39m[38;5;252m [39m[38;5;3mawait[39m[38;5;252m [39m[38;5;252mhandler[39m[38;5;252m([39m[38;5;252mrequest[39m[38;5;252m)[39m
[38;5;252m               [39m[38;5;252m^^^^^^^^^^^^^^^^^^^^^^[39m
[38;5;252m  File [39m[38;5;5m"/home/hh/github/event-service-gui/.venv/lib/python3.13/site-packages/aiohttp/web_urldispatcher.py"[39m[38;5;252m, line [39m[38;5;5m979[39m[38;5;252m, in [39m[38;5;252m_iter[39m
[38;5;252m    [39m[38;5;252mret[39m[38;5;252m [39m[38;5;68m=[39m[38;5;252m [39m[38;5;3mawait[39m[38;5;252m [39m[38;5;252mmethod[39m[38;5;252m([39m[38;5;252m)[39m
[38;5;252m          [39m[38;5;252m^^^^^^^^^^^^^^[39m
[38;5;252m  File [39m[38;5;5m"/home/hh/github/event-service-gui/event_service_gui/views/csv_list.py"[39m[38;5;252m, line [39m[38;5;5m60[39m[38;5;252m, in [39m[38;5;252mget[39m
[38;5;252m    [39m[38;5;252mcsvdata[39m[38;5;252m [39m[38;5;68m=[39m[38;5;252m [39m[38;5;252mresults[39m[38;5;252m[[39m[38;5;1m"[39m[38;5;1mranking_sequence[39m[38;5;1m"[39m[38;5;252m][39m
[38;5;252m              [39m[38;5;252m~~~~~~~^^^^^^^^^^^^^^^^^^^^[39m
[38;5;9mTypeError[39m[38;5;252m: [39m[38;5;252mlist indices must be integers or slices, not str[39m
2026-01-07 22:23:17,803 - ERROR - Error handling request from 127.0.0.1
[38;5;26mTraceback (most recent call last):[39m
[38;5;252m  File [39m[38;5;5m"/home/hh/github/event-service-gui/.venv/lib/python3.13/site-packages/aiohttp/web_protocol.py"[39m[38;5;252m, line [39m[38;5;5m510[39m[38;5;252m, in [39m[38;5;252m_handle_request[39m
[38;5;252m    [39m[38;5;252mresp[39m[38;5;252m [39m[38;5;68m=[39m[38;5;252m [39m[38;5;3mawait[39m[38;5;252m [39m[38;5;252mrequest_handler[39m[38;5;252m([39m[38;5;252mrequest[39m[38;5;252m)[39m
[38;5;252m           [39m[38;5;252m^^^^^^^^^^^^^^^^^^^^^^^^^^^^^^[39m
[38;5;252m  File [39m[38;5;5m"/home/hh/github/event-service-gui/.venv/lib/python3.13/site-packages/aiohttp/web_app.py"[39m[38;5;252m, line [39m[38;5;5m569[39m[38;5;252m, in [39m[38;5;252m_handle[39m
[38;5;252m    [39m[38;5;3mreturn[39m[38;5;252m [39m[38;5;3mawait[39m[38;5;252m [39m[38;5;252mhandler[39m[38;5;252m([39m[38;5;252mrequest[39m[38;5;252m)[39m
[38;5;252m           [39m[38;5;252m^^^^^^^^^^^^^^^^^^^^^^[39m
[38;5;252m  File [39m[38;5;5m"/home/hh/github/event-service-gui/.venv/lib/python3.13/site-packages/aiohttp/web_middlewares.py"[39m[38;5;252m, line [39m[38;5;5m117[39m[38;5;252m, in [39m[38;5;252mimpl[39m
[38;5;252m    [39m[38;5;3mreturn[39m[38;5;252m [39m[38;5;3mawait[39m[38;5;252m [39m[38;5;252mhandler[39m[38;5;252m([39m[38;5;252mrequest[39m[38;5;252m)[39m
[38;5;252m           [39m[38;5;252m^^^^^^^^^^^^^^^^^^^^^^[39m
[38;5;252m  File [39m[38;5;5m"/home/hh/github/event-service-gui/.venv/lib/python3.13/site-packages/aiohttp_session/__init__.py"[39m[38;5;252m, line [39m[38;5;5m191[39m[38;5;252m, in [39m[38;5;252mfactory[39m
[38;5;252m    [39m[38;5;252mresponse[39m[38;5;252m [39m[38;5;68m=[39m[38;5;252m [39m[38;5;3mawait[39m[38;5;252m [39m[38;5;252mhandler[39m[38;5;252m([39m[38;5;252mrequest[39m[38;5;252m)[39m
[38;5;252m               [39m[38;5;252m^^^^^^^^^^^^^^^^^^^^^^[39m
[38;5;252m  File [39m[38;5;5m"/home/hh/github/event-service-gui/.venv/lib/python3.13/site-packages/aiohttp_devtools/runserver/serve.py"[39m[38;5;252m, line [39m[38;5;5m96[39m[38;5;252m, in [39m[38;5;252mno_cache_middleware[39m
[38;5;252m    [39m[38;5;252mresponse[39m[38;5;252m [39m[38;5;68m=[39m[38;5;252m [39m[38;5;3mawait[39m[38;5;252m [39m[38;5;252mhandler[39m[38;5;252m([39m[38;5;252mrequest[39m[38;5;252m)[39m
[38;5;252m               [39m[38;5;252m^^^^^^^^^^^^^^^^^^^^^^[39m
[38;5;252m  File [39m[38;5;5m"/home/hh/github/event-service-gui/.venv/lib/python3.13/site-packages/aiohttp/web_urldispatcher.py"[39m[38;5;252m, line [39m[38;5;5m979[39m[38;5;252m, in [39m[38;5;252m_iter[39m
[38;5;252m    [39m[38;5;252mret[39m[38;5;252m [39m[38;5;68m=[39m[38;5;252m [39m[38;5;3mawait[39m[38;5;252m [39m[38;5;252mmethod[39m[38;5;252m([39m[38;5;252m)[39m
[38;5;252m          [39m[38;5;252m^^^^^^^^^^^^^^[39m
[38;5;252m  File [39m[38;5;5m"/home/hh/github/event-service-gui/event_service_gui/views/csv_list.py"[39m[38;5;252m, line [39m[38;5;5m60[39m[38;5;252m, in [39m[38;5;252mget[39m
[38;5;252m    [39m[38;5;3mfor[39m[38;5;252m [39m[38;5;252mraceclass[39m[38;5;252m [39m[38;5;3min[39m[38;5;252m [39m[38;5;252mresults[39m[38;5;252m:[39m
[38;5;252m              [39m[38;5;252m^^^^^^^^^^^^^^^[39m
[38;5;9mTypeError[39m[38;5;252m: [39m[38;5;252mlist indices must be integers or slices, not str[39m
2026-01-07 22:23:41,688 - ERROR - Error handling request from 127.0.0.1
[38;5;26mTraceback (most recent call last):[39m
[38;5;252m  File [39m[38;5;5m"/home/hh/github/event-service-gui/.venv/lib/python3.13/site-packages/aiohttp/web_protocol.py"[39m[38;5;252m, line [39m[38;5;5m510[39m[38;5;252m, in [39m[38;5;252m_handle_request[39m
[38;5;252m    [39m[38;5;252mresp[39m[38;5;252m [39m[38;5;68m=[39m[38;5;252m [39m[38;5;3mawait[39m[38;5;252m [39m[38;5;252mrequest_handler[39m[38;5;252m([39m[38;5;252mrequest[39m[38;5;252m)[39m
[38;5;252m           [39m[38;5;252m^^^^^^^^^^^^^^^^^^^^^^^^^^^^^^[39m
[38;5;252m  File [39m[38;5;5m"/home/hh/github/event-service-gui/.venv/lib/python3.13/site-packages/aiohttp/web_app.py"[39m[38;5;252m, line [39m[38;5;5m569[39m[38;5;252m, in [39m[38;5;252m_handle[39m
[38;5;252m    [39m[38;5;3mreturn[39m[38;5;252m [39m[38;5;3mawait[39m[38;5;252m [39m[38;5;252mhandler[39m[38;5;252m([39m[38;5;252mrequest[39m[38;5;252m)[39m
[38;5;252m           [39m[38;5;252m^^^^^^^^^^^^^^^^^^^^^^[39m
[38;5;252m  File [39m[38;5;5m"/home/hh/github/event-service-gui/.venv/lib/python3.13/site-packages/aiohttp/web_middlewares.py"[39m[38;5;252m, line [39m[38;5;5m117[39m[38;5;252m, in [39m[38;5;252mimpl[39m
[38;5;252m    [39m[38;5;3mreturn[39m[38;5;252m [39m[38;5;3mawait[39m[38;5;252m [39m[38;5;252mhandler[39m[38;5;252m([39m[38;5;252mrequest[39m[38;5;252m)[39m
[38;5;252m           [39m[38;5;252m^^^^^^^^^^^^^^^^^^^^^^[39m
[38;5;252m  File [39m[38;5;5m"/home/hh/github/event-service-gui/.venv/lib/python3.13/site-packages/aiohttp_session/__init__.py"[39m[38;5;252m, line [39m[38;5;5m191[39m[38;5;252m, in [39m[38;5;252mfactory[39m
[38;5;252m    [39m[38;5;252mresponse[39m[38;5;252m [39m[38;5;68m=[39m[38;5;252m [39m[38;5;3mawait[39m[38;5;252m [39m[38;5;252mhandler[39m[38;5;252m([39m[38;5;252mrequest[39m[38;5;252m)[39m
[38;5;252m               [39m[38;5;252m^^^^^^^^^^^^^^^^^^^^^^[39m
[38;5;252m  File [39m[38;5;5m"/home/hh/github/event-service-gui/.venv/lib/python3.13/site-packages/aiohttp_devtools/runserver/serve.py"[39m[38;5;252m, line [39m[38;5;5m96[39m[38;5;252m, in [39m[38;5;252mno_cache_middleware[39m
[38;5;252m    [39m[38;5;252mresponse[39m[38;5;252m [39m[38;5;68m=[39m[38;5;252m [39m[38;5;3mawait[39m[38;5;252m [39m[38;5;252mhandler[39m[38;5;252m([39m[38;5;252mrequest[39m[38;5;252m)[39m
[38;5;252m               [39m[38;5;252m^^^^^^^^^^^^^^^^^^^^^^[39m
[38;5;252m  File [39m[38;5;5m"/home/hh/github/event-service-gui/.venv/lib/python3.13/site-packages/aiohttp/web_urldispatcher.py"[39m[38;5;252m, line [39m[38;5;5m979[39m[38;5;252m, in [39m[38;5;252m_iter[39m
[38;5;252m    [39m[38;5;252mret[39m[38;5;252m [39m[38;5;68m=[39m[38;5;252m [39m[38;5;3mawait[39m[38;5;252m [39m[38;5;252mmethod[39m[38;5;252m([39m[38;5;252m)[39m
[38;5;252m          [39m[38;5;252m^^^^^^^^^^^^^^[39m
[38;5;252m  File [39m[38;5;5m"/home/hh/github/event-service-gui/event_service_gui/views/csv_list.py"[39m[38;5;252m, line [39m[38;5;5m60[39m[38;5;252m, in [39m[38;5;252mget[39m
[38;5;252m    [39m[38;5;252mcsvdata[39m[38;5;68m.[39m[38;5;252mappend[39m[38;5;252m([39m[38;5;252mraceclass[39m[38;5;252m[[39m[38;5;1m"[39m[38;5;1mranking_sequence[39m[38;5;1m"[39m[38;5;252m][39m[38;5;252m)[39m
[38;5;252m          [39m[38;5;252m^^^^^^^^^^^^^^^^^^^^^^^^^^^[39m
[38;5;9mTypeError[39m[38;5;252m: [39m[38;5;252mlist indices must be integers or slices, not str[39m
2026-01-07 22:23:53,376 - ERROR - Error handling request from 127.0.0.1
[38;5;26mTraceback (most recent call last):[39m
[38;5;252m  File [39m[38;5;5m"/home/hh/github/event-service-gui/.venv/lib/python3.13/site-packages/aiohttp/web_protocol.py"[39m[38;5;252m, line [39m[38;5;5m510[39m[38;5;252m, in [39m[38;5;252m_handle_request[39m
[38;5;252m    [39m[38;5;252mresp[39m[38;5;252m [39m[38;5;68m=[39m[38;5;252m [39m[38;5;3mawait[39m[38;5;252m [39m[38;5;252mrequest_handler[39m[38;5;252m([39m[38;5;252mrequest[39m[38;5;252m)[39m
[38;5;252m           [39m[38;5;252m^^^^^^^^^^^^^^^^^^^^^^^^^^^^^^[39m
[38;5;252m  File [39m[38;5;5m"/home/hh/github/event-service-gui/.venv/lib/python3.13/site-packages/aiohttp/web_app.py"[39m[38;5;252m, line [39m[38;5;5m569[39m[38;5;252m, in [39m[38;5;252m_handle[39m
[38;5;252m    [39m[38;5;3mreturn[39m[38;5;252m [39m[38;5;3mawait[39m[38;5;252m [39m[38;5;252mhandler[39m[38;5;252m([39m[38;5;252mrequest[39m[38;5;252m)[39m
[38;5;252m           [39m[38;5;252m^^^^^^^^^^^^^^^^^^^^^^[39m
[38;5;252m  File [39m[38;5;5m"/home/hh/github/event-service-gui/.venv/lib/python3.13/site-packages/aiohttp/web_middlewares.py"[39m[38;5;252m, line [39m[38;5;5m117[39m[38;5;252m, in [39m[38;5;252mimpl[39m
[38;5;252m    [39m[38;5;3mreturn[39m[38;5;252m [39m[38;5;3mawait[39m[38;5;252m [39m[38;5;252mhandler[39m[38;5;252m([39m[38;5;252mrequest[39m[38;5;252m)[39m
[38;5;252m           [39m[38;5;252m^^^^^^^^^^^^^^^^^^^^^^[39m
[38;5;252m  File [39m[38;5;5m"/home/hh/github/event-service-gui/.venv/lib/python3.13/site-packages/aiohttp_session/__init__.py"[39m[38;5;252m, line [39m[38;5;5m191[39m[38;5;252m, in [39m[38;5;252mfactory[39m
[38;5;252m    [39m[38;5;252mresponse[39m[38;5;252m [39m[38;5;68m=[39m[38;5;252m [39m[38;5;3mawait[39m[38;5;252m [39m[38;5;252mhandler[39m[38;5;252m([39m[38;5;252mrequest[39m[38;5;252m)[39m
[38;5;252m               [39m[38;5;252m^^^^^^^^^^^^^^^^^^^^^^[39m
[38;5;252m  File [39m[38;5;5m"/home/hh/github/event-service-gui/.venv/lib/python3.13/site-packages/aiohttp_devtools/runserver/serve.py"[39m[38;5;252m, line [39m[38;5;5m96[39m[38;5;252m, in [39m[38;5;252mno_cache_middleware[39m
[38;5;252m    [39m[38;5;252mresponse[39m[38;5;252m [39m[38;5;68m=[39m[38;5;252m [39m[38;5;3mawait[39m[38;5;252m [39m[38;5;252mhandler[39m[38;5;252m([39m[38;5;252mrequest[39m[38;5;252m)[39m
[38;5;252m               [39m[38;5;252m^^^^^^^^^^^^^^^^^^^^^^[39m
[38;5;252m  File [39m[38;5;5m"/home/hh/github/event-service-gui/.venv/lib/python3.13/site-packages/aiohttp/web_urldispatcher.py"[39m[38;5;252m, line [39m[38;5;5m979[39m[38;5;252m, in [39m[38;5;252m_iter[39m
[38;5;252m    [39m[38;5;252mret[39m[38;5;252m [39m[38;5;68m=[39m[38;5;252m [39m[38;5;3mawait[39m[38;5;252m [39m[38;5;252mmethod[39m[38;5;252m([39m[38;5;252m)[39m
[38;5;252m          [39m[38;5;252m^^^^^^^^^^^^^^[39m
[38;5;252m  File [39m[38;5;5m"/home/hh/github/event-service-gui/event_service_gui/views/csv_list.py"[39m[38;5;252m, line [39m[38;5;5m69[39m[38;5;252m, in [39m[38;5;252mget[39m
[38;5;252m    [39m[38;5;252mwriter[39m[38;5;68m.[39m[38;5;252mwriterows[39m[38;5;252m([39m[38;5;252mcsvdata[39m[38;5;252m)[39m
[38;5;252m    [39m[38;5;252m~~~~~~~~~~~~~~~~^^^^^^^^^[39m
[38;5;252m  File [39m[38;5;5m"/usr/lib/python3.13/csv.py"[39m[38;5;252m, line [39m[38;5;5m229[39m[38;5;252m, in [39m[38;5;252mwriterows[39m
[38;5;252m    [39m[38;5;3mreturn[39m[38;5;252m [39m[38;5;5mself[39m[38;5;68m.[39m[38;5;252mwriter[39m[38;5;68m.[39m[38;5;252mwriterows[39m[38;5;252m([39m[38;5;5mmap[39m[38;5;252m([39m[38;5;5mself[39m[38;5;68m.[39m[38;5;252m_dict_to_list[39m[38;5;252m,[39m[38;5;252m [39m[38;5;252mrowdicts[39m[38;5;252m)[39m[38;5;252m)[39m
[38;5;252m           [39m[38;5;252m~~~~~~~~~~~~~~~~~~~~~^^^^^^^^^^^^^^^^^^^^^^^^^^^^^^^^^^^[39m
[38;5;252m  File [39m[38;5;5m"/usr/lib/python3.13/csv.py"[39m[38;5;252m, line [39m[38;5;5m223[39m[38;5;252m, in [39m[38;5;252m<genexpr>[39m
[38;5;252m    [39m[38;5;3mreturn[39m[38;5;252m [39m[38;5;252m([39m[38;5;252mrowdict[39m[38;5;68m.[39m[38;5;252mget[39m[38;5;252m([39m[38;5;252mkey[39m[38;5;252m,[39m[38;5;252m [39m[38;5;5mself[39m[38;5;68m.[39m[38;5;252mrestval[39m[38;5;252m)[39m[38;5;252m [39m[38;5;3mfor[39m[38;5;252m [39m[38;5;252mkey[39m[38;5;252m [39m[38;5;3min[39m[38;5;252m [39m[38;5;5mself[39m[38;5;68m.[39m[38;5;252mfieldnames[39m[38;5;252m)[39m
[38;5;252m            [39m[38;5;252m^^^^^^^^^^^[39m
[38;5;9mAttributeError[39m[38;5;252m: [39m[38;5;252m'list' object has no attribute 'get'[39m
2026-01-07 22:24:54,552 - ERROR - Error handling request from 127.0.0.1
[38;5;26mTraceback (most recent call last):[39m
[38;5;252m  File [39m[38;5;5m"/home/hh/github/event-service-gui/.venv/lib/python3.13/site-packages/aiohttp/web_protocol.py"[39m[38;5;252m, line [39m[38;5;5m510[39m[38;5;252m, in [39m[38;5;252m_handle_request[39m
[38;5;252m    [39m[38;5;252mresp[39m[38;5;252m [39m[38;5;68m=[39m[38;5;252m [39m[38;5;3mawait[39m[38;5;252m [39m[38;5;252mrequest_handler[39m[38;5;252m([39m[38;5;252mrequest[39m[38;5;252m)[39m
[38;5;252m           [39m[38;5;252m^^^^^^^^^^^^^^^^^^^^^^^^^^^^^^[39m
[38;5;252m  File [39m[38;5;5m"/home/hh/github/event-service-gui/.venv/lib/python3.13/site-packages/aiohttp/web_app.py"[39m[38;5;252m, line [39m[38;5;5m569[39m[38;5;252m, in [39m[38;5;252m_handle[39m
[38;5;252m    [39m[38;5;3mreturn[39m[38;5;252m [39m[38;5;3mawait[39m[38;5;252m [39m[38;5;252mhandler[39m[38;5;252m([39m[38;5;252mrequest[39m[38;5;252m)[39m
[38;5;252m           [39m[38;5;252m^^^^^^^^^^^^^^^^^^^^^^[39m
[38;5;252m  File [39m[38;5;5m"/home/hh/github/event-service-gui/.venv/lib/python3.13/site-packages/aiohttp/web_middlewares.py"[39m[38;5;252m, line [39m[38;5;5m117[39m[38;5;252m, in [39m[38;5;252mimpl[39m
[38;5;252m    [39m[38;5;3mreturn[39m[38;5;252m [39m[38;5;3mawait[39m[38;5;252m [39m[38;5;252mhandler[39m[38;5;252m([39m[38;5;252mrequest[39m[38;5;252m)[39m
[38;5;252m           [39m[38;5;252m^^^^^^^^^^^^^^^^^^^^^^[39m
[38;5;252m  File [39m[38;5;5m"/home/hh/github/event-service-gui/.venv/lib/python3.13/site-packages/aiohttp_session/__init__.py"[39m[38;5;252m, line [39m[38;5;5m191[39m[38;5;252m, in [39m[38;5;252mfactory[39m
[38;5;252m    [39m[38;5;252mresponse[39m[38;5;252m [39m[38;5;68m=[39m[38;5;252m [39m[38;5;3mawait[39m[38;5;252m [39m[38;5;252mhandler[39m[38;5;252m([39m[38;5;252mrequest[39m[38;5;252m)[39m
[38;5;252m               [39m[38;5;252m^^^^^^^^^^^^^^^^^^^^^^[39m
[38;5;252m  File [39m[38;5;5m"/home/hh/github/event-service-gui/.venv/lib/python3.13/site-packages/aiohttp_devtools/runserver/serve.py"[39m[38;5;252m, line [39m[38;5;5m96[39m[38;5;252m, in [39m[38;5;252mno_cache_middleware[39m
[38;5;252m    [39m[38;5;252mresponse[39m[38;5;252m [39m[38;5;68m=[39m[38;5;252m [39m[38;5;3mawait[39m[38;5;252m [39m[38;5;252mhandler[39m[38;5;252m([39m[38;5;252mrequest[39m[38;5;252m)[39m
[38;5;252m               [39m[38;5;252m^^^^^^^^^^^^^^^^^^^^^^[39m
[38;5;252m  File [39m[38;5;5m"/home/hh/github/event-service-gui/.venv/lib/python3.13/site-packages/aiohttp/web_urldispatcher.py"[39m[38;5;252m, line [39m[38;5;5m979[39m[38;5;252m, in [39m[38;5;252m_iter[39m
[38;5;252m    [39m[38;5;252mret[39m[38;5;252m [39m[38;5;68m=[39m[38;5;252m [39m[38;5;3mawait[39m[38;5;252m [39m[38;5;252mmethod[39m[38;5;252m([39m[38;5;252m)[39m
[38;5;252m          [39m[38;5;252m^^^^^^^^^^^^^^[39m
[38;5;252m  File [39m[38;5;5m"/home/hh/github/event-service-gui/event_service_gui/views/csv_list.py"[39m[38;5;252m, line [39m[38;5;5m62[39m[38;5;252m, in [39m[38;5;252mget[39m
[38;5;252m    [39m[38;5;5mbreakpoint[39m[38;5;252m([39m[38;5;252m)[39m
[38;5;252m    [39m[38;5;252m~~~~~~~~~~^^[39m
[38;5;252m  File [39m[38;5;5m"/usr/lib/python3.13/bdb.py"[39m[38;5;252m, line [39m[38;5;5m116[39m[38;5;252m, in [39m[38;5;252mtrace_dispatch[39m
[38;5;252m    [39m[38;5;3mreturn[39m[38;5;252m [39m[38;5;5mself[39m[38;5;68m.[39m[38;5;252mdispatch_opcode[39m[38;5;252m([39m[38;5;252mframe[39m[38;5;252m,[39m[38;5;252m [39m[38;5;252marg[39m[38;5;252m)[39m
[38;5;252m           [39m[38;5;252m~~~~~~~~~~~~~~~~~~~~^^^^^^^^^^^^[39m
[38;5;252m  File [39m[38;5;5m"/usr/lib/python3.13/bdb.py"[39m[38;5;252m, line [39m[38;5;5m216[39m[38;5;252m, in [39m[38;5;252mdispatch_opcode[39m
[38;5;252m    [39m[38;5;3mif[39m[38;5;252m [39m[38;5;5mself[39m[38;5;68m.[39m[38;5;252mquitting[39m[38;5;252m:[39m[38;5;252m [39m[38;5;3mraise[39m[38;5;252m [39m[38;5;252mBdbQuit[39m
[38;5;252m                      [39m[38;5;252m^^^^^^^^^^^^^[39m
[38;5;9mbdb.BdbQuit[39m
2026-01-07 23:26:30,509 - ERROR - Error
Traceback (most recent call last):
  File "/home/hh/github/event-service-gui/event_service_gui/views/control.py", line 98, in post
    informasjon = await TimeEventsService().shuffle_semi_final_templates(
                  ^^^^^^^^^^^^^^^^^^^^^^^^^^^^^^^^^^^^^^^^^^^^^^^^^^^^^^^
        user["token"], event_id, "random"
        ^^^^^^^^^^^^^^^^^^^^^^^^^^^^^^^^^
    )
    ^
  File "/home/hh/github/event-service-gui/event_service_gui/services/time_events_service.py", line 110, in shuffle_semi_final_templates
    informasjon += await self.shift_and_update_templates(
                   ^^^^^^^^^^^^^^^^^^^^^^^^^^^^^^^^^^^^^^
        token, templates, raceclass["name"], 6, 2, strategy
        ^^^^^^^^^^^^^^^^^^^^^^^^^^^^^^^^^^^^^^^^^^^^^^^^^^^
    )
    ^
  File "/home/hh/github/event-service-gui/event_service_gui/services/time_events_service.py", line 151, in shift_and_update_templates
    shifted_templates = shuffle_random_across_list(
        semi_final_templates,
        ["next_race", "next_race_id", "next_race_position"]
    )
  File "/home/hh/github/event-service-gui/event_service_gui/services/time_events_service.py", line 329, in shuffle_random_across_list
    breakpoint()
    ~~~~~~~~~~^^
  File "/usr/lib/python3.13/bdb.py", line 116, in trace_dispatch
    return self.dispatch_opcode(frame, arg)
           ~~~~~~~~~~~~~~~~~~~~^^^^^^^^^^^^
  File "/usr/lib/python3.13/bdb.py", line 216, in dispatch_opcode
    if self.quitting: raise BdbQuit
                      ^^^^^^^^^^^^^
bdb.BdbQuit
2026-01-07 23:56:57,619 - ERROR - Error
Traceback (most recent call last):
  File "/home/hh/github/event-service-gui/event_service_gui/views/contestants.py", line 129, in post
    event_id = str(form["event_id"])
                   ~~~~^^^^^^^^^^^^
KeyError: 'event_id'
